2025-07-04 09:42:20,785 [INFO] __main__: 🚀 Starting price-tracker
2025-07-04 09:42:27,848 [INFO] http_client: Fetched https://www.amazon.it/dp/B0C78GHQRJ/ [status=200]
2025-07-04 09:42:27,912 [INFO] http_client: Fetched https://www.phoneclick.it/samsung/galaxy-s23/samsung-galaxy-s23-5g-256gb-8gb-ram-dual-sim-black-europa [status=200]
2025-07-04 09:42:28,039 [INFO] http_client: Fetched https://www.teknozone.it/smartphone-samsung/galaxy-s23/samsung-galaxy-s23-5g-256gb-8gb-ram-dual-sim-black-europa [status=200]
2025-07-04 09:42:29,977 [INFO] __main__: 💾 Saved JSON to data/latest_prices.json
2025-07-04 09:42:29,977 [INFO] __main__: 📊 Appended 3 records to data/price_history.csv
2025-07-04 09:42:29,977 [INFO] __main__: ✅ Tracking completed
2025-07-04 09:45:06,539 [INFO] __main__: 🚀 Starting price-tracker
2025-07-04 09:45:15,027 [INFO] http_client: Fetched https://www.phoneclick.it/samsung/galaxy-s23/samsung-galaxy-s23-5g-256gb-8gb-ram-dual-sim-black-europa [status=200]
2025-07-04 09:45:15,040 [INFO] http_client: Fetched https://www.amazon.it/dp/B0C78GHQRJ/ [status=200]
2025-07-04 09:45:15,143 [INFO] http_client: Fetched https://www.teknozone.it/smartphone-samsung/galaxy-s23/samsung-galaxy-s23-5g-256gb-8gb-ram-dual-sim-black-europa [status=200]
2025-07-04 09:45:17,427 [INFO] __main__: 💾 Saved JSON to data/latest_prices.json
2025-07-04 09:45:17,427 [INFO] __main__: 📊 Appended 3 records to data/price_history.csv
2025-07-04 09:45:17,427 [INFO] __main__: ✅ Tracking completed
2025-07-04 09:48:58,786 [INFO] __main__: 🚀 Starting price-tracker
2025-07-04 09:49:04,672 [INFO] http_client: Fetched https://www.amazon.it/dp/B0C78GHQRJ/ [status=200]
2025-07-04 09:49:04,740 [INFO] http_client: Fetched https://www.phoneclick.it/samsung/galaxy-s23/samsung-galaxy-s23-5g-256gb-8gb-ram-dual-sim-black-europa [status=200]
2025-07-04 09:49:04,885 [INFO] http_client: Fetched https://www.teknozone.it/smartphone-samsung/galaxy-s23/samsung-galaxy-s23-5g-256gb-8gb-ram-dual-sim-black-europa [status=200]
2025-07-04 09:49:06,756 [INFO] __main__: 💾 Saved JSON to data/latest_prices.json
2025-07-04 09:49:06,756 [INFO] __main__: 📊 Appended 3 records to data/price_history.csv
2025-07-04 09:49:06,757 [INFO] __main__: ✅ Tracking completed
2025-07-04 09:53:45,614 [INFO] __main__: 🚀 Starting price-tracker
2025-07-04 09:53:51,134 [INFO] http_client: Fetched https://www.amazon.it/dp/B0C78GHQRJ/ [status=200]
2025-07-04 09:53:51,143 [INFO] http_client: Fetched https://www.phoneclick.it/samsung/galaxy-s23/samsung-galaxy-s23-5g-256gb-8gb-ram-dual-sim-black-europa [status=200]
2025-07-04 09:53:51,257 [INFO] http_client: Fetched https://www.teknozone.it/smartphone-samsung/galaxy-s23/samsung-galaxy-s23-5g-256gb-8gb-ram-dual-sim-black-europa [status=200]
2025-07-04 09:53:53,337 [INFO] __main__: 💾 Saved JSON to data/latest_prices.json
2025-07-04 09:53:53,337 [INFO] __main__: 📊 Appended 3 records to data/price_history.csv
2025-07-04 09:53:53,337 [INFO] __main__: ✅ Tracking completed
2025-07-04 09:54:26,392 [INFO] __main__: 🚀 Starting price-tracker
2025-07-04 09:54:33,060 [INFO] http_client: Fetched https://www.amazon.it/dp/B0C78GHQRJ/ [status=200]
2025-07-04 09:54:33,100 [INFO] http_client: Fetched https://www.phoneclick.it/samsung/galaxy-s23/samsung-galaxy-s23-5g-256gb-8gb-ram-dual-sim-black-europa [status=200]
2025-07-04 09:54:33,251 [INFO] http_client: Fetched https://www.teknozone.it/smartphone-samsung/galaxy-s23/samsung-galaxy-s23-5g-256gb-8gb-ram-dual-sim-black-europa [status=200]
2025-07-04 09:54:35,085 [INFO] __main__: 💾 Saved JSON to data/latest_prices.json
2025-07-04 09:54:35,086 [INFO] __main__: 📊 Appended 3 records to data/price_history.csv
2025-07-04 09:54:35,086 [INFO] __main__: ✅ Tracking completed
